<?xml version="1.0" encoding="UTF-8"?>
<testng-results ignored="0" total="2" passed="2" failed="0" skipped="0">
  <reporter-output>
  </reporter-output>
  <suite started-at="2024-08-19T23:16:27 CDT" name="Default suite" finished-at="2024-08-19T23:17:06 CDT" duration-ms="39318">
    <groups>
    </groups>
    <test started-at="2024-08-19T23:16:27 CDT" name="Default test" finished-at="2024-08-19T23:17:06 CDT" duration-ms="39318">
      <class name="com.qa.tests.HomePageTest">
        <test-method is-config="true" signature="setup()[pri:0, instance:com.qa.tests.HomePageTest@463b4ac8]" started-at="2024-08-19T23:16:27 CDT" name="setup" finished-at="2024-08-19T23:16:42 CDT" duration-ms="14413" status="PASS">
          <reporter-output>
          </reporter-output>
        </test-method> <!-- setup -->
        <test-method signature="searchThing()[pri:3, instance:com.qa.tests.HomePageTest@463b4ac8]" started-at="2024-08-19T23:16:42 CDT" name="searchThing" finished-at="2024-08-19T23:16:43 CDT" duration-ms="1626" status="PASS">
          <reporter-output>
          </reporter-output>
        </test-method> <!-- searchThing -->
        <test-method is-config="true" signature="exit()[pri:0, instance:com.qa.tests.HomePageTest@463b4ac8]" started-at="2024-08-19T23:16:43 CDT" name="exit" finished-at="2024-08-19T23:16:48 CDT" duration-ms="4331" status="PASS">
          <reporter-output>
          </reporter-output>
        </test-method> <!-- exit -->
        <test-method is-config="true" signature="setup()[pri:0, instance:com.qa.tests.HomePageTest@463b4ac8]" started-at="2024-08-19T23:16:48 CDT" name="setup" finished-at="2024-08-19T23:17:00 CDT" duration-ms="12037" status="PASS">
          <reporter-output>
          </reporter-output>
        </test-method> <!-- setup -->
        <test-method signature="changeCategory()[pri:4, instance:com.qa.tests.HomePageTest@463b4ac8]" started-at="2024-08-19T23:17:00 CDT" name="changeCategory" finished-at="2024-08-19T23:17:03 CDT" duration-ms="3069" status="PASS">
          <reporter-output>
          </reporter-output>
        </test-method> <!-- changeCategory -->
        <test-method is-config="true" signature="exit()[pri:0, instance:com.qa.tests.HomePageTest@463b4ac8]" started-at="2024-08-19T23:17:03 CDT" name="exit" finished-at="2024-08-19T23:17:06 CDT" duration-ms="3592" status="PASS">
          <reporter-output>
          </reporter-output>
        </test-method> <!-- exit -->
      </class> <!-- com.qa.tests.HomePageTest -->
    </test> <!-- Default test -->
  </suite> <!-- Default suite -->
</testng-results>
